<?xml version="1.0" encoding="UTF-8"?>
<testng-results skipped="0" failed="0" ignored="0" total="3" passed="3">
  <reporter-output>
  </reporter-output>
  <suite name="Suite" duration-ms="22557" started-at="2017-07-27T14:27:27Z" finished-at="2017-07-27T14:27:50Z">
    <groups>
    </groups>
    <test name="ie" duration-ms="10686" started-at="2017-07-27T14:27:27Z" finished-at="2017-07-27T14:27:38Z">
      <class name="allinone">
        <test-method status="PASS" signature="openBrowser(java.lang.String)[pri:0, instance:allinone@1a968a59]" name="openBrowser" duration-ms="10610" started-at="2017-07-27T10:27:27Z" finished-at="2017-07-27T10:27:38Z">
          <params>
            <param index="0">
              <value>
                <![CDATA[ie]]>
              </value>
            </param>
          </params>
          <reporter-output>
          </reporter-output>
        </test-method> <!-- openBrowser -->
      </class> <!-- allinone -->
    </test> <!-- ie -->
    <test name="chrome" duration-ms="12510" started-at="2017-07-27T14:27:27Z" finished-at="2017-07-27T14:27:40Z">
      <class name="allinone">
        <test-method status="PASS" signature="openBrowser(java.lang.String)[pri:0, instance:allinone@1794d431]" name="openBrowser" duration-ms="12437" started-at="2017-07-27T10:27:27Z" finished-at="2017-07-27T10:27:40Z">
          <params>
            <param index="0">
              <value>
                <![CDATA[chrome]]>
              </value>
            </param>
          </params>
          <reporter-output>
          </reporter-output>
        </test-method> <!-- openBrowser -->
      </class> <!-- allinone -->
    </test> <!-- chrome -->
    <test name="fftc" duration-ms="22557" started-at="2017-07-27T14:27:27Z" finished-at="2017-07-27T14:27:50Z">
      <class name="allinone">
        <test-method status="PASS" signature="openBrowser(java.lang.String)[pri:0, instance:allinone@4501b7af]" name="openBrowser" duration-ms="22484" started-at="2017-07-27T10:27:27Z" finished-at="2017-07-27T10:27:50Z">
          <params>
            <param index="0">
              <value>
                <![CDATA[firefox]]>
              </value>
            </param>
          </params>
          <reporter-output>
          </reporter-output>
        </test-method> <!-- openBrowser -->
      </class> <!-- allinone -->
    </test> <!-- fftc -->
  </suite> <!-- Suite -->
</testng-results>
